execve("./printf_sys_call_ex", ["./printf_sys_call_ex"], [/* 30 vars */]) = 0
brk(0)                                  = 0x9c39000
access("/etc/ld.so.preload", R_OK)      = -1 ENOENT (No such file or directory)
open("/etc/ld.so.cache", O_RDONLY)      = 3
fstat64(3, {st_mode=S_IFREG|0644, st_size=91501, ...}) = 0
mmap2(NULL, 91501, PROT_READ, MAP_PRIVATE, 3, 0) = 0xb7f0b000
close(3)                                = 0
open("/lib/libc.so.6", O_RDONLY)        = 3
read(3, "\177ELF\1\1\1\0\0\0\0\0\0\0\0\0\3\0\3\0\1\0\0\0\340\2570\0004\0\0\0"..., 512) = 512
mmap2(NULL, 4096, PROT_READ|PROT_WRITE, MAP_PRIVATE|MAP_ANONYMOUS, -1, 0) = 0xb7f0a000
fstat64(3, {st_mode=S_IFREG|0755, st_size=1693812, ...}) = 0
mmap2(0x2f5000, 1410500, PROT_READ|PROT_EXEC, MAP_PRIVATE|MAP_DENYWRITE, 3, 0) = 0x2f5000
mmap2(0x448000, 12288, PROT_READ|PROT_WRITE, MAP_PRIVATE|MAP_FIXED|MAP_DENYWRITE, 3, 0x153) = 0x448000
mmap2(0x44b000, 9668, PROT_READ|PROT_WRITE, MAP_PRIVATE|MAP_FIXED|MAP_ANONYMOUS, -1, 0) = 0x44b000
close(3)                                = 0
mmap2(NULL, 4096, PROT_READ|PROT_WRITE, MAP_PRIVATE|MAP_ANONYMOUS, -1, 0) = 0xb7f09000
set_thread_area({entry_number:-1 -> 6, base_addr:0xb7f096c0, limit:1048575, seg_32bit:1, contents:0, read_exec_only:0, limit_in_pages:1, seg_not_present:0, useable:1}) = 0
mprotect(0x448000, 8192, PROT_READ)     = 0
mprotect(0x2f1000, 4096, PROT_READ)     = 0
munmap(0xb7f0b000, 91501)               = 0
fstat64(1, {st_mode=S_IFCHR|0620, st_rdev=makedev(136, 5), ...}) = 0
mmap2(NULL, 4096, PROT_READ|PROT_WRITE, MAP_PRIVATE|MAP_ANONYMOUS, -1, 0) = 0xb7f21000
write(1, "This isn't efficient\n", 21)  = 21
exit_group(0)                           = ?
